#
# There is insufficient memory for the Java Runtime Environment to continue.
# Native memory allocation (malloc) failed to allocate 131088 bytes for Chunk::new
# Possible reasons:
#   The system is out of physical RAM or swap space
#   In 32 bit mode, the process size limit was hit
# Possible solutions:
#   Reduce memory load on the system
#   Increase physical memory or swap space
#   Check if swap backing store is full
#   Use 64 bit Java on a 64 bit OS
#   Decrease Java heap size (-Xmx/-Xms)
#   Decrease number of Java threads
#   Decrease Java thread stack sizes (-Xss)
#   Set larger code cache with -XX:ReservedCodeCacheSize=
# This output file may be truncated or incomplete.
#
#  Out of Memory Error (allocation.cpp:390), pid=7996, tid=9188
#
# JRE version: Java(TM) SE Runtime Environment (8.0_66-b17) (build 1.8.0_66-b17)
# Java VM: Java HotSpot(TM) 64-Bit Server VM (25.66-b17 mixed mode windows-amd64 compressed oops)
# Failed to write core dump. Minidumps are not enabled by default on client versions of Windows
#

---------------  T H R E A D  ---------------

Current thread (0x0000000013889000):  JavaThread "C2 CompilerThread0" daemon [_thread_in_native, id=9188, stack(0x0000000014840000,0x0000000014940000)]

Stack: [0x0000000014840000,0x0000000014940000]
[error occurred during error reporting (printing stack bounds), id 0xc0000005]

Native frames: (J=compiled Java code, j=interpreted, Vv=VM code, C=native code)


Current CompileTask:
C2:   6354 1045       4       org.jsoup.parser.HtmlTreeBuilderState$7::process (3368 bytes)


---------------  P R O C E S S  ---------------

Java Threads: ( => current thread )
  0x00000000150db800 JavaThread "Thread-47" [_thread_in_native, id=7012, stack(0x0000000019710000,0x0000000019810000)]
  0x00000000150dd000 JavaThread "Thread-40" [_thread_in_native, id=7220, stack(0x0000000019010000,0x0000000019110000)]
  0x00000000150d8800 JavaThread "Thread-35" [_thread_in_native, id=4704, stack(0x0000000017b40000,0x0000000017c40000)]
  0x00000000150de800 JavaThread "Thread-34" [_thread_in_native, id=3896, stack(0x0000000017a40000,0x0000000017b40000)]
  0x00000000150d1800 JavaThread "Thread-32" [_thread_in_native, id=2816, stack(0x0000000017840000,0x0000000017940000)]
  0x00000000150d1000 JavaThread "Thread-31" [_thread_in_native, id=8592, stack(0x0000000017740000,0x0000000017840000)]
  0x00000000150d8000 JavaThread "Thread-30" [_thread_in_native, id=9124, stack(0x0000000017640000,0x0000000017740000)]
  0x00000000150d0000 JavaThread "Thread-29" [_thread_in_native, id=7296, stack(0x0000000017540000,0x0000000017640000)]
  0x00000000150d4800 JavaThread "Thread-28" [_thread_in_native, id=2748, stack(0x0000000017440000,0x0000000017540000)]
  0x00000000150d7000 JavaThread "Thread-27" [_thread_in_native, id=7256, stack(0x0000000017340000,0x0000000017440000)]
  0x00000000150d3000 JavaThread "Thread-26" [_thread_in_native, id=4260, stack(0x0000000017240000,0x0000000017340000)]
  0x00000000150d4000 JavaThread "Thread-25" [_thread_in_native, id=8284, stack(0x0000000017140000,0x0000000017240000)]
  0x00000000150d6800 JavaThread "Thread-24" [_thread_in_native, id=7424, stack(0x0000000017040000,0x0000000017140000)]
  0x00000000150d5800 JavaThread "Thread-23" [_thread_in_native, id=5736, stack(0x0000000016f40000,0x0000000017040000)]
  0x00000000150d2800 JavaThread "Thread-22" [_thread_in_native, id=2400, stack(0x0000000016e40000,0x0000000016f40000)]
  0x0000000014c75800 JavaThread "Thread-21" [_thread_in_native, id=8860, stack(0x0000000016d40000,0x0000000016e40000)]
  0x0000000014c7a000 JavaThread "Thread-20" [_thread_in_native, id=6208, stack(0x0000000016c40000,0x0000000016d40000)]
  0x0000000014c73000 JavaThread "Thread-19" [_thread_in_native, id=3840, stack(0x0000000016b40000,0x0000000016c40000)]
  0x0000000014c79800 JavaThread "Thread-18" [_thread_in_native, id=1720, stack(0x0000000016a40000,0x0000000016b40000)]
  0x0000000014c78000 JavaThread "Thread-17" [_thread_in_native, id=208, stack(0x0000000016940000,0x0000000016a40000)]
  0x0000000014c75000 JavaThread "Thread-16" [_thread_in_native, id=7284, stack(0x0000000016840000,0x0000000016940000)]
  0x0000000014c74000 JavaThread "Thread-15" [_thread_in_native, id=7584, stack(0x0000000016740000,0x0000000016840000)]
  0x0000000014c78800 JavaThread "Thread-14" [_thread_in_native, id=7976, stack(0x0000000016640000,0x0000000016740000)]
  0x0000000014c77000 JavaThread "Thread-13" [_thread_in_native, id=8584, stack(0x0000000016540000,0x0000000016640000)]
  0x0000000014c76800 JavaThread "Thread-12" [_thread_in_native, id=7552, stack(0x0000000016440000,0x0000000016540000)]
  0x0000000014c6e800 JavaThread "Thread-11" [_thread_in_native, id=8936, stack(0x0000000016340000,0x0000000016440000)]
  0x0000000014c6d800 JavaThread "Thread-10" [_thread_in_native, id=7668, stack(0x0000000016240000,0x0000000016340000)]
  0x0000000014c69000 JavaThread "Thread-9" [_thread_in_native, id=8064, stack(0x0000000016140000,0x0000000016240000)]
  0x0000000014c68800 JavaThread "Thread-8" [_thread_in_native, id=4000, stack(0x0000000016040000,0x0000000016140000)]
  0x0000000014c67800 JavaThread "Thread-7" [_thread_in_native, id=8224, stack(0x0000000015f40000,0x0000000016040000)]
  0x0000000014c66000 JavaThread "Thread-5" [_thread_in_native, id=8220, stack(0x0000000015d40000,0x0000000015e40000)]
  0x0000000014c61800 JavaThread "Thread-4" [_thread_in_native, id=8632, stack(0x0000000015c40000,0x0000000015d40000)]
  0x0000000014c60800 JavaThread "Thread-3" [_thread_in_native, id=7116, stack(0x0000000015b40000,0x0000000015c40000)]
  0x00000000150c3800 JavaThread "Extractor" [_thread_blocked, id=2920, stack(0x0000000015a40000,0x0000000015b40000)]
  0x00000000150c3000 JavaThread "Downloader" [_thread_blocked, id=7108, stack(0x0000000015940000,0x0000000015a40000)]
  0x0000000014a6b000 JavaThread "Service Thread" daemon [_thread_blocked, id=524, stack(0x0000000014e40000,0x0000000014f40000)]
  0x000000001388b000 JavaThread "C1 CompilerThread1" daemon [_thread_in_native, id=7728, stack(0x0000000014940000,0x0000000014a40000)]
=>0x0000000013889000 JavaThread "C2 CompilerThread0" daemon [_thread_in_native, id=9188, stack(0x0000000014840000,0x0000000014940000)]
  0x000000001383b000 JavaThread "Attach Listener" daemon [_thread_blocked, id=3592, stack(0x0000000014740000,0x0000000014840000)]
  0x0000000013838000 JavaThread "Signal Dispatcher" daemon [_thread_blocked, id=3296, stack(0x0000000014640000,0x0000000014740000)]
  0x00000000026ee800 JavaThread "Finalizer" daemon [_thread_blocked, id=8764, stack(0x0000000014460000,0x0000000014560000)]
  0x00000000026ec800 JavaThread "Reference Handler" daemon [_thread_blocked, id=5732, stack(0x0000000014360000,0x0000000014460000)]
  0x0000000002602800 JavaThread "main" [_thread_blocked, id=8828, stack(0x0000000002500000,0x0000000002600000)]

Other Threads:
  0x00000000137f6000 VMThread [stack: 0x0000000014260000,0x0000000014360000] [id=8548]
  0x0000000014a79800 WatcherThread [stack: 0x0000000014f40000,0x0000000015040000] [id=7916]

VM state:not at safepoint (normal execution)

VM Mutex/Monitor currently owned by a thread: None

Heap:
 PSYoungGen      total 76288K, used 20694K [0x00000000f5580000, 0x00000000faa80000, 0x0000000100000000)
  eden space 65536K, 22% used [0x00000000f5580000,0x00000000f641c1e0,0x00000000f9580000)
  from space 10752K, 53% used [0x00000000f9580000,0x00000000f9b19790,0x00000000fa000000)
  to   space 10752K, 0% used [0x00000000fa000000,0x00000000fa000000,0x00000000faa80000)
 ParOldGen       total 175104K, used 16K [0x00000000e0000000, 0x00000000eab00000, 0x00000000f5580000)
  object space 175104K, 0% used [0x00000000e0000000,0x00000000e0004000,0x00000000eab00000)
 Metaspace       used 8620K, capacity 8914K, committed 9088K, reserved 1056768K
  class space    used 958K, capacity 1027K, committed 1152K, reserved 1048576K

Card table byte_map: [0x0000000011ac0000,0x0000000011bd0000] byte_map_base: 0x00000000113c0000

Marking Bits: (ParMarkBitMap*) 0x000000007190a5b0
 Begin Bits: [0x0000000011dd0000, 0x00000000125d0000)
 End Bits:   [0x00000000125d0000, 0x0000000012dd0000)

Polling page: 0x00000000004e0000

CodeCache: size=245760Kb used=4442Kb max_used=4442Kb free=241318Kb
 bounds [0x0000000002700000, 0x0000000002b60000, 0x0000000011700000]
 total_blobs=1393 nmethods=1073 adapters=235
 compilation: enabled

Compilation events (10 events):
Event: 6.211 Thread 0x000000001388b000 1069  s    3       java.io.BufferedOutputStream::flush (12 bytes)
Event: 6.211 Thread 0x000000001388b000 nmethod 1069 0x0000000002b47c10 code [0x0000000002b47da0, 0x0000000002b48298]
Event: 6.212 Thread 0x000000001388b000 1070       3       java.io.OutputStream::flush (1 bytes)
Event: 6.213 Thread 0x000000001388b000 nmethod 1070 0x0000000002b26510 code [0x0000000002b26660, 0x0000000002b267b0]
Event: 6.216 Thread 0x000000001388b000 1071       3       java.util.regex.Pattern$LastNode::match (45 bytes)
Event: 6.217 Thread 0x000000001388b000 nmethod 1071 0x0000000002b48410 code [0x0000000002b48580, 0x0000000002b487b0]
Event: 6.217 Thread 0x000000001388b000 1072       3       org.jsoup.select.QueryParser::findElements (640 bytes)
Event: 6.228 Thread 0x000000001388b000 nmethod 1072 0x0000000002b488d0 code [0x0000000002b49640, 0x0000000002b52dd8]
Event: 6.229 Thread 0x000000001388b000 1073       3       java.lang.invoke.DirectMethodHandle::internalMemberName (8 bytes)
Event: 6.230 Thread 0x000000001388b000 nmethod 1073 0x0000000002b588d0 code [0x0000000002b58a40, 0x0000000002b58c70]

GC Heap History (2 events):
Event: 5.180 GC heap before
{Heap before GC invocations=1 (full 0):
 PSYoungGen      total 76288K, used 65536K [0x00000000f5580000, 0x00000000faa80000, 0x0000000100000000)
  eden space 65536K, 100% used [0x00000000f5580000,0x00000000f9580000,0x00000000f9580000)
  from space 10752K, 0% used [0x00000000fa000000,0x00000000fa000000,0x00000000faa80000)
  to   space 10752K, 0% used [0x00000000f9580000,0x00000000f9580000,0x00000000fa000000)
 ParOldGen       total 175104K, used 0K [0x00000000e0000000, 0x00000000eab00000, 0x00000000f5580000)
  object space 175104K, 0% used [0x00000000e0000000,0x00000000e0000000,0x00000000eab00000)
 Metaspace       used 8451K, capacity 8650K, committed 8832K, reserved 1056768K
  class space    used 958K, capacity 1027K, committed 1152K, reserved 1048576K
Event: 5.196 GC heap after
Heap after GC invocations=1 (full 0):
 PSYoungGen      total 76288K, used 5733K [0x00000000f5580000, 0x00000000faa80000, 0x0000000100000000)
  eden space 65536K, 0% used [0x00000000f5580000,0x00000000f5580000,0x00000000f9580000)
  from space 10752K, 53% used [0x00000000f9580000,0x00000000f9b19790,0x00000000fa000000)
  to   space 10752K, 0% used [0x00000000fa000000,0x00000000fa000000,0x00000000faa80000)
 ParOldGen       total 175104K, used 16K [0x00000000e0000000, 0x00000000eab00000, 0x00000000f5580000)
  object space 175104K, 0% used [0x00000000e0000000,0x00000000e0004000,0x00000000eab00000)
 Metaspace       used 8451K, capacity 8650K, committed 8832K, reserved 1056768K
  class space    used 958K, capacity 1027K, committed 1152K, reserved 1048576K
}

Deoptimization events (10 events):
Event: 0.567 Thread 0x0000000002602800 Uncommon trap: reason=class_check action=maybe_recompile pc=0x00000000028ca180 method=java.util.HashSet.add(Ljava/lang/Object;)Z @ 8
Event: 0.567 Thread 0x0000000002602800 Uncommon trap: reason=class_check action=maybe_recompile pc=0x00000000028ca180 method=java.util.HashSet.add(Ljava/lang/Object;)Z @ 8
Event: 0.567 Thread 0x0000000002602800 Uncommon trap: reason=class_check action=maybe_recompile pc=0x00000000028ca180 method=java.util.HashSet.add(Ljava/lang/Object;)Z @ 8
Event: 0.679 Thread 0x0000000002602800 Uncommon trap: reason=unstable_if action=reinterpret pc=0x000000000287e8d4 method=java.lang.String.<init>([CII)V @ 18
Event: 0.685 Thread 0x0000000002602800 Uncommon trap: reason=unstable_if action=reinterpret pc=0x00000000028912cc method=java.lang.String.<init>([CII)V @ 18
Event: 0.841 Thread 0x0000000002602800 Uncommon trap: reason=unstable_if action=reinterpret pc=0x00000000028f636c method=org.sqlite.SQLiteJDBCLoader.contentsEquals(Ljava/io/InputStream;Ljava/io/InputStream;)Z @ 39
Event: 4.432 Thread 0x0000000014c61800 Uncommon trap: reason=unstable_if action=reinterpret pc=0x000000000294e59c method=java.lang.CharacterDataLatin1.digit(II)I @ 82
Event: 5.927 Thread 0x00000000150c3800 Uncommon trap: reason=bimorphic action=maybe_recompile pc=0x0000000002b17298 method=java.util.regex.Pattern$Curly.match0(Ljava/util/regex/Matcher;IILjava/lang/CharSequence;)Z @ 31
Event: 5.927 Thread 0x00000000150c3800 Uncommon trap: reason=bimorphic action=maybe_recompile pc=0x0000000002b17298 method=java.util.regex.Pattern$Curly.match0(Ljava/util/regex/Matcher;IILjava/lang/CharSequence;)Z @ 31
Event: 5.927 Thread 0x00000000150c3800 Uncommon trap: reason=bimorphic action=maybe_recompile pc=0x0000000002b17298 method=java.util.regex.Pattern$Curly.match0(Ljava/util/regex/Matcher;IILjava/lang/CharSequence;)Z @ 31

Internal exceptions (8 events):
Event: 0.099 Thread 0x0000000002602800 Exception <a 'java/lang/NoSuchMethodError': Method sun.misc.Unsafe.defineClass(Ljava/lang/String;[BII)Ljava/lang/Class; name or signature does not match> (0x00000000f5592ff8) thrown at [C:\re\workspace\8-2-build-windows-amd64-cygwin\jdk8u66\4988\hotspot\srı˘ÎÚ
Kπ?
Event: 0.099 Thread 0x0000000002602800 Exception <a 'java/lang/NoSuchMethodError': Method sun.misc.Unsafe.prefetchRead(Ljava/lang/Object;J)V name or signature does not match> (0x00000000f55932e0) thrown at [C:\re\workspace\8-2-build-windows-amd64-cygwin\jdk8u66\4988\hotspot\src\share\vm\prims\j≈197ú€?
Event: 0.431 Thread 0x0000000002602800 Exception <a 'java/security/PrivilegedActionException'> (0x00000000f5cebb10) thrown at [C:\re\workspace\8-2-build-windows-amd64-cygwin\jdk8u66\4988\hotspot\src\share\vm\prims\jvm.cpp, line 1386]
Event: 0.431 Thread 0x0000000002602800 Exception <a 'java/security/PrivilegedActionException'> (0x00000000f5cebf08) thrown at [C:\re\workspace\8-2-build-windows-amd64-cygwin\jdk8u66\4988\hotspot\src\share\vm\prims\jvm.cpp, line 1386]
Event: 0.432 Thread 0x0000000002602800 Exception <a 'java/security/PrivilegedActionException'> (0x00000000f5cf0120) thrown at [C:\re\workspace\8-2-build-windows-amd64-cygwin\jdk8u66\4988\hotspot\src\share\vm\prims\jvm.cpp, line 1386]
Event: 0.432 Thread 0x0000000002602800 Exception <a 'java/security/PrivilegedActionException'> (0x00000000f5cf0518) thrown at [C:\re\workspace\8-2-build-windows-amd64-cygwin\jdk8u66\4988\hotspot\src\share\vm\prims\jvm.cpp, line 1386]
Event: 4.510 Thread 0x00000000150dd000 Exception <a 'java/lang/NoSuchFieldError': method resolution failed> (0x00000000f93ebb58) thrown at [C:\re\workspace\8-2-build-windows-amd64-cygwin\jdk8u66\4988\hotspot\src\share\vm\prims\methodHandles.cpp, line 1146]
Event: 4.519 Thread 0x00000000150dd000 Exception <a 'java/lang/NoSuchFieldError': method resolution failed> (0x00000000f93f8e48) thrown at [C:\re\workspace\8-2-build-windows-amd64-cygwin\jdk8u66\4988\hotspot\src\share\vm\prims\methodHandles.cpp, line 1146]

Events (10 events):
Event: 5.946 Executing VM operation: RevokeBias done
Event: 5.946 Thread 0x00000000150df800 Thread exited: 0x00000000150df800
Event: 6.189 Thread 0x00000000150d9800 Thread added: 0x00000000150d9800
Event: 6.189 Thread 0x00000000150da000 Thread added: 0x00000000150da000
Event: 6.213 Executing VM operation: RevokeBias
Event: 6.215 Executing VM operation: RevokeBias done
Event: 6.215 Thread 0x00000000150d9800 Thread exited: 0x00000000150d9800
Event: 6.230 Executing VM operation: RevokeBias
Event: 6.231 Executing VM operation: RevokeBias done
Event: 6.231 Thread 0x00000000150da000 Thread exited: 0x00000000150da000


Dynamic libraries:
0x00007ff7df4b0000 - 0x00007ff7df4e7000 	C:\Program Files\Java\jdk1.8.0_66\jre\bin\java.exe
0x00007ff8d22a0000 - 0x00007ff8d2461000 	C:\WINDOWS\SYSTEM32\ntdll.dll
0x00007ff8cfa40000 - 0x00007ff8cfaed000 	C:\WINDOWS\system32\KERNEL32.DLL
0x00007ff8cea00000 - 0x00007ff8cebe8000 	C:\WINDOWS\system32\KERNELBASE.dll
0x00007ff8cf6a0000 - 0x00007ff8cf747000 	C:\WINDOWS\system32\ADVAPI32.dll
0x00007ff8d1ca0000 - 0x00007ff8d1d3d000 	C:\WINDOWS\system32\msvcrt.dll
0x00007ff8d2240000 - 0x00007ff8d229b000 	C:\WINDOWS\system32\sechost.dll
0x00007ff8d0290000 - 0x00007ff8d03ac000 	C:\WINDOWS\system32\RPCRT4.dll
0x00007ff8cfba0000 - 0x00007ff8cfcf6000 	C:\WINDOWS\system32\USER32.dll
0x00007ff8d2080000 - 0x00007ff8d2206000 	C:\WINDOWS\system32\GDI32.dll
0x00007ff8c47a0000 - 0x00007ff8c4a14000 	C:\WINDOWS\WinSxS\amd64_microsoft.windows.common-controls_6595b64144ccf1df_6.0.10586.0_none_8c15ae12515e1c22\COMCTL32.dll
0x00007ff8cf750000 - 0x00007ff8cf9cd000 	C:\WINDOWS\system32\combase.dll
0x00007ff8cecd0000 - 0x00007ff8ced3a000 	C:\WINDOWS\system32\bcryptPrimitives.dll
0x00007ff8d1e10000 - 0x00007ff8d1e4b000 	C:\WINDOWS\system32\IMM32.DLL
0x0000000072010000 - 0x00000000720e2000 	C:\Program Files\Java\jdk1.8.0_66\jre\bin\msvcr100.dll
0x0000000071100000 - 0x0000000071989000 	C:\Program Files\Java\jdk1.8.0_66\jre\bin\server\jvm.dll
0x00007ff8d2230000 - 0x00007ff8d2238000 	C:\WINDOWS\system32\PSAPI.DLL
0x00007ff8cb740000 - 0x00007ff8cb749000 	C:\WINDOWS\SYSTEM32\WSOCK32.dll
0x00007ff8cf9d0000 - 0x00007ff8cfa3b000 	C:\WINDOWS\system32\WS2_32.dll
0x00007ff8ccc00000 - 0x00007ff8ccc23000 	C:\WINDOWS\SYSTEM32\WINMM.dll
0x00007ff8cb750000 - 0x00007ff8cb75a000 	C:\WINDOWS\SYSTEM32\VERSION.dll
0x00007ff8ccae0000 - 0x00007ff8ccb0c000 	C:\WINDOWS\SYSTEM32\WINMMBASE.dll
0x00007ff8cf390000 - 0x00007ff8cf3d3000 	C:\WINDOWS\system32\cfgmgr32.dll
0x0000000072000000 - 0x000000007200f000 	C:\Program Files\Java\jdk1.8.0_66\jre\bin\verify.dll
0x0000000071fd0000 - 0x0000000071ff9000 	C:\Program Files\Java\jdk1.8.0_66\jre\bin\java.dll
0x0000000071fb0000 - 0x0000000071fc6000 	C:\Program Files\Java\jdk1.8.0_66\jre\bin\zip.dll
0x00007ff8d03b0000 - 0x00007ff8d190c000 	C:\WINDOWS\system32\SHELL32.dll
0x00007ff8ced40000 - 0x00007ff8cf385000 	C:\WINDOWS\system32\windows.storage.dll
0x00007ff8d2020000 - 0x00007ff8d2072000 	C:\WINDOWS\system32\shlwapi.dll
0x00007ff8ce910000 - 0x00007ff8ce91f000 	C:\WINDOWS\system32\kernel.appcore.dll
0x00007ff8cebf0000 - 0x00007ff8ceca5000 	C:\WINDOWS\system32\shcore.dll
0x00007ff8ce8c0000 - 0x00007ff8ce90b000 	C:\WINDOWS\system32\powrprof.dll
0x00007ff8ce920000 - 0x00007ff8ce934000 	C:\WINDOWS\system32\profapi.dll
0x00007ff8ce240000 - 0x00007ff8ce257000 	C:\WINDOWS\SYSTEM32\CRYPTSP.dll
0x00007ff8cded0000 - 0x00007ff8cdf04000 	C:\WINDOWS\system32\rsaenh.dll
0x00007ff8ce7f0000 - 0x00007ff8ce819000 	C:\WINDOWS\SYSTEM32\bcrypt.dll
0x00007ff8ce020000 - 0x00007ff8ce03f000 	C:\WINDOWS\SYSTEM32\USERENV.dll
0x00007ff8ce360000 - 0x00007ff8ce36b000 	C:\WINDOWS\SYSTEM32\CRYPTBASE.dll
0x0000000071f90000 - 0x0000000071faa000 	C:\Program Files\Java\jdk1.8.0_66\jre\bin\net.dll
0x00007ff8ce190000 - 0x00007ff8ce1ec000 	C:\WINDOWS\system32\mswsock.dll
0x00007ff8cb030000 - 0x00007ff8cb068000 	C:\WINDOWS\SYSTEM32\IPHLPAPI.DLL
0x00007ff8d2220000 - 0x00007ff8d2228000 	C:\WINDOWS\system32\NSI.dll
0x00007ff8c7500000 - 0x00007ff8c7516000 	C:\WINDOWS\SYSTEM32\dhcpcsvc6.DLL
0x00007ff8c74e0000 - 0x00007ff8c74fa000 	C:\WINDOWS\SYSTEM32\dhcpcsvc.DLL
0x0000000071f70000 - 0x0000000071f81000 	C:\Program Files\Java\jdk1.8.0_66\jre\bin\nio.dll
0x000000006d580000 - 0x000000006d63d000 	C:\Users\wxlfr_000\AppData\Local\Temp\sqlite-3.8.11.2-5cbbaa6c-c34b-4218-a606-0dea0db92262-sqlitejdbc.dll
0x00007ff8cd240000 - 0x00007ff8cd2ea000 	C:\WINDOWS\SYSTEM32\DNSAPI.dll
0x00007ff8c5c90000 - 0x00007ff8c5c9a000 	C:\Windows\System32\rasadhlp.dll
0x00007ff8c7c50000 - 0x00007ff8c7cb7000 	C:\WINDOWS\System32\fwpuclnt.dll

VM Arguments:
jvm_args: -Xms256m -Xmx512m -XX:MaxPermSize=128m -ea -Dfile.encoding=UTF-8 
java_command: C:\Users\wxlfr_000\workspace\NowegianDict\target\surefire\surefirebooter4605858844800912401.jar C:\Users\wxlfr_000\workspace\NowegianDict\target\surefire\surefire6000834392703481659tmp C:\Users\wxlfr_000\workspace\NowegianDict\target\surefire\surefire_02408352836296539031tmp
java_class_path (initial): C:\Users\wxlfr_000\workspace\NowegianDict\target\surefire\surefirebooter4605858844800912401.jar
Launcher Type: SUN_STANDARD

Environment Variables:
JAVA_HOME=C:\Program Files\Java\jdk1.8.0_66
PATH=C:/Program Files/Java/jre1.8.0_66/bin/server;C:/Program Files/Java/jre1.8.0_66/bin;C:/Program Files/Java/jre1.8.0_66/lib/amd64;C:\Python27\;C:\ProgramData\Oracle\Java\javapath;C:\Windows\system32;C:\Windows;C:\Windows\System32\Wbem;C:\Windows\System32\WindowsPowerShell\v1.0\;C:\Program Files\MiKTeX 2.9\miktex\bin\x64\;C:\Users\wxlfr_000\Desktop\REST\apache-maven-3.3.9\bin;C:\Program Files\Java\jdk1.8.0_66\bin;C:\cygwin64\bin;C:\WINDOWS\system32;C:\WINDOWS;C:\WINDOWS\System32\Wbem;C:\WINDOWS\System32\WindowsPowerShell\v1.0\;C:\Program Files\TortoiseSVN\bin;C:\Users\wxlfr_000\.dnx\bin;C:\Program Files\Microsoft DNX\Dnvm\;C:\Program Files\nodejs\;C:\Users\wxlfr_000\Desktop\REST\java_ee_sdk-7u2\glassfish4;C:\Users\wxlfr_000\Desktop\REST\java_ee_sdk-7u2\glassfish4\glassfish;C:\Program Files (x86)\GtkSharp\2.12\bin;C:\Program Files (x86)\Skype\Phone\;C:\Users\wxlfr_000\Desktop\REST\apache-ant-1.9.6\bin;C:\Program Files\Git\cmd;F:\Users\wxlfr_000\AppData\Local\Android\sdk\platform-tools;F:\Users\wxlfr_000\AppData\Local\Android\sdk\tools;C:\Program Files (x86)\Notepad++\;C:\Users\wxlfr_000\.dnx\bin;.bin;C:\Users\wxlfr_000\AppData\Roaming\npm;C:\Users\wxlfr_000\Desktop\eclipse;
USERNAME=wxlfr_000
OS=Windows_NT
PROCESSOR_IDENTIFIER=Intel64 Family 6 Model 23 Stepping 10, GenuineIntel



---------------  S Y S T E M  ---------------

OS: Windows 10.0 , 64 bit Build 10586 (10.0.10586.0)

CPU:total 2 (2 cores per cpu, 1 threads per core) family 6 model 23 stepping 10, cmov, cx8, fxsr, mmx, sse, sse2, sse3, ssse3, sse4.1, tsc

Memory: 4k page, physical 6219796k(1403224k free), swap 6219796k(5140k free)

vm_info: Java HotSpot(TM) 64-Bit Server VM (25.66-b17) for windows-amd64 JRE (1.8.0_66-b17), built on Oct  6 2015 18:55:33 by "java_re" with MS VC++ 10.0 (VS2010)

time: Wed Apr 13 23:56:37 2016
elapsed time: 6 seconds (0d 0h 0m 6s)

